<?xml version="1.0" encoding="UTF-8"?>
<testsuite name="com.everglowtrading.wms.WmsApplicationTests" tests="2" skipped="0" failures="0" errors="0" timestamp="2018-02-19T05:43:55" hostname="YatabeMBP.local" time="0.001">
  <properties/>
  <testcase name="test" classname="com.everglowtrading.wms.WmsApplicationTests" time="0.001"/>
  <testcase name="contextLoads" classname="com.everglowtrading.wms.WmsApplicationTests" time="0.0"/>
  <system-out><![CDATA[]]></system-out>
  <system-err><![CDATA[]]></system-err>
</testsuite>
